Performing C SOURCE FILE Test CMAKE_HAVE_LIBC_PTHREAD failed with the following output:
Change Dir: /home/ehardy/Documents/openglavance/gltf-viewer/gltf-viewer-tutorial-git/cmake-build-debug/CMakeFiles/CMakeTmp

Run Build Command(s):/usr/bin/make cmTC_39efd/fast && /usr/bin/make -f CMakeFiles/cmTC_39efd.dir/build.make CMakeFiles/cmTC_39efd.dir/build
make[1]: Entering directory '/home/ehardy/Documents/openglavance/gltf-viewer/gltf-viewer-tutorial-git/cmake-build-debug/CMakeFiles/CMakeTmp'
Building C object CMakeFiles/cmTC_39efd.dir/src.c.o
/usr/bin/cc   -DCMAKE_HAVE_LIBC_PTHREAD   -o CMakeFiles/cmTC_39efd.dir/src.c.o   -c /home/ehardy/Documents/openglavance/gltf-viewer/gltf-viewer-tutorial-git/cmake-build-debug/CMakeFiles/CMakeTmp/src.c
Linking C executable cmTC_39efd
/home/ehardy/.local/share/JetBrains/Toolbox/apps/CLion/ch-0/193.5233.144/bin/cmake/linux/bin/cmake -E cmake_link_script CMakeFiles/cmTC_39efd.dir/link.txt --verbose=1
/usr/bin/cc  -DCMAKE_HAVE_LIBC_PTHREAD    -rdynamic CMakeFiles/cmTC_39efd.dir/src.c.o  -o cmTC_39efd 
/usr/bin/ld: CMakeFiles/cmTC_39efd.dir/src.c.o: in function `main':
src.c:(.text+0x2f): undefined reference to `pthread_create'
/usr/bin/ld: src.c:(.text+0x3b): undefined reference to `pthread_detach'
/usr/bin/ld: src.c:(.text+0x4c): undefined reference to `pthread_join'
collect2: error: ld returned 1 exit status
make[1]: *** [CMakeFiles/cmTC_39efd.dir/build.make:87: cmTC_39efd] Error 1
make[1]: Leaving directory '/home/ehardy/Documents/openglavance/gltf-viewer/gltf-viewer-tutorial-git/cmake-build-debug/CMakeFiles/CMakeTmp'
make: *** [Makefile:121: cmTC_39efd/fast] Error 2


Source file was:
#include <pthread.h>

void* test_func(void* data)
{
  return data;
}

int main(void)
{
  pthread_t thread;
  pthread_create(&thread, NULL, test_func, NULL);
  pthread_detach(thread);
  pthread_join(thread, NULL);
  pthread_atfork(NULL, NULL, NULL);
  pthread_exit(NULL);

  return 0;
}

Determining if the function pthread_create exists in the pthreads failed with the following output:
Change Dir: /home/ehardy/Documents/openglavance/gltf-viewer/gltf-viewer-tutorial-git/cmake-build-debug/CMakeFiles/CMakeTmp

Run Build Command(s):/usr/bin/make cmTC_44cd2/fast && /usr/bin/make -f CMakeFiles/cmTC_44cd2.dir/build.make CMakeFiles/cmTC_44cd2.dir/build
make[1]: Entering directory '/home/ehardy/Documents/openglavance/gltf-viewer/gltf-viewer-tutorial-git/cmake-build-debug/CMakeFiles/CMakeTmp'
Building C object CMakeFiles/cmTC_44cd2.dir/CheckFunctionExists.c.o
/usr/bin/cc   -DCHECK_FUNCTION_EXISTS=pthread_create   -o CMakeFiles/cmTC_44cd2.dir/CheckFunctionExists.c.o   -c /home/ehardy/.local/share/JetBrains/Toolbox/apps/CLion/ch-0/193.5233.144/bin/cmake/linux/share/cmake-3.15/Modules/CheckFunctionExists.c
Linking C executable cmTC_44cd2
/home/ehardy/.local/share/JetBrains/Toolbox/apps/CLion/ch-0/193.5233.144/bin/cmake/linux/bin/cmake -E cmake_link_script CMakeFiles/cmTC_44cd2.dir/link.txt --verbose=1
/usr/bin/cc  -DCHECK_FUNCTION_EXISTS=pthread_create    -rdynamic CMakeFiles/cmTC_44cd2.dir/CheckFunctionExists.c.o  -o cmTC_44cd2 -lpthreads 
/usr/bin/ld: cannot find -lpthreads
collect2: error: ld returned 1 exit status
make[1]: *** [CMakeFiles/cmTC_44cd2.dir/build.make:87: cmTC_44cd2] Error 1
make[1]: Leaving directory '/home/ehardy/Documents/openglavance/gltf-viewer/gltf-viewer-tutorial-git/cmake-build-debug/CMakeFiles/CMakeTmp'
make: *** [Makefile:121: cmTC_44cd2/fast] Error 2



